<?xml version="1.0"?>
<calendar year="2015" today="20170723">
  <meta ctime="1500838620" ctime2="2017-07-23T21:37:00">
    <calendar year="2015"/>
    <timezone offset="+0.00" id="UTC">Coordinated Universal Time</timezone>
  </meta>
  <year ad="2015">
    <month nr="01" name="January">
      <!-- 2015 -->
      <day mon="01" om="01" oy="1" ow="04" own="thu" cw="01" abs="16435" diff="-934"/>
      <day mon="01" om="02" oy="2" ow="05" own="fri" cw="01" abs="16436" diff="-933"/>
      <day mon="01" om="03" oy="3" ow="06" own="sat" cw="01" abs="16437" diff="-932"/>
      <day mon="01" om="04" oy="4" ow="00" own="sun" cw="01" abs="16438" diff="-931"/>
      <day mon="01" om="05" oy="5" ow="01" own="mon" cw="02" abs="16439" diff="-930"/>
      <day mon="01" om="06" oy="6" ow="02" own="tue" cw="02" abs="16440" diff="-929"/>
      <day mon="01" om="07" oy="7" ow="03" own="wed" cw="02" abs="16441" diff="-928"/>
      <day mon="01" om="08" oy="8" ow="04" own="thu" cw="02" abs="16442" diff="-927"/>
      <day mon="01" om="09" oy="9" ow="05" own="fri" cw="02" abs="16443" diff="-926"/>
      <day mon="01" om="10" oy="10" ow="06" own="sat" cw="02" abs="16444" diff="-925"/>
      <day mon="01" om="11" oy="11" ow="00" own="sun" cw="02" abs="16445" diff="-924"/>
      <day mon="01" om="12" oy="12" ow="01" own="mon" cw="03" abs="16446" diff="-923"/>
      <day mon="01" om="13" oy="13" ow="02" own="tue" cw="03" abs="16447" diff="-922"/>
      <day mon="01" om="14" oy="14" ow="03" own="wed" cw="03" abs="16448" diff="-921"/>
      <day mon="01" om="15" oy="15" ow="04" own="thu" cw="03" abs="16449" diff="-920"/>
      <day mon="01" om="16" oy="16" ow="05" own="fri" cw="03" abs="16450" diff="-919"/>
      <day mon="01" om="17" oy="17" ow="06" own="sat" cw="03" abs="16451" diff="-918"/>
      <day mon="01" om="18" oy="18" ow="00" own="sun" cw="03" abs="16452" diff="-917"/>
      <day mon="01" om="19" oy="19" ow="01" own="mon" cw="04" abs="16453" diff="-916"/>
      <day mon="01" om="20" oy="20" ow="02" own="tue" cw="04" abs="16454" diff="-915"/>
      <day mon="01" om="21" oy="21" ow="03" own="wed" cw="04" abs="16455" diff="-914"/>
      <day mon="01" om="22" oy="22" ow="04" own="thu" cw="04" abs="16456" diff="-913"/>
      <day mon="01" om="23" oy="23" ow="05" own="fri" cw="04" abs="16457" diff="-912"/>
      <day mon="01" om="24" oy="24" ow="06" own="sat" cw="04" abs="16458" diff="-911"/>
      <day mon="01" om="25" oy="25" ow="00" own="sun" cw="04" abs="16459" diff="-910"/>
      <day mon="01" om="26" oy="26" ow="01" own="mon" cw="05" abs="16460" diff="-909"/>
      <day mon="01" om="27" oy="27" ow="02" own="tue" cw="05" abs="16461" diff="-908"/>
      <day mon="01" om="28" oy="28" ow="03" own="wed" cw="05" abs="16462" diff="-907"/>
      <day mon="01" om="29" oy="29" ow="04" own="thu" cw="05" abs="16463" diff="-906"/>
      <day mon="01" om="30" oy="30" ow="05" own="fri" cw="05" abs="16464" diff="-905"/>
      <day mon="01" om="31" oy="31" ow="06" own="sat" cw="05" abs="16465" diff="-904"/>
    </month>
    <month nr="02" name="February">
      <!-- 2015 -->
      <day mon="02" om="01" oy="32" ow="00" own="sun" cw="05" abs="16466" diff="-903"/>
      <day mon="02" om="02" oy="33" ow="01" own="mon" cw="06" abs="16467" diff="-902"/>
      <day mon="02" om="03" oy="34" ow="02" own="tue" cw="06" abs="16468" diff="-901"/>
      <day mon="02" om="04" oy="35" ow="03" own="wed" cw="06" abs="16469" diff="-900"/>
      <day mon="02" om="05" oy="36" ow="04" own="thu" cw="06" abs="16470" diff="-899"/>
      <day mon="02" om="06" oy="37" ow="05" own="fri" cw="06" abs="16471" diff="-898"/>
      <day mon="02" om="07" oy="38" ow="06" own="sat" cw="06" abs="16472" diff="-897"/>
      <day mon="02" om="08" oy="39" ow="00" own="sun" cw="06" abs="16473" diff="-896"/>
      <day mon="02" om="09" oy="40" ow="01" own="mon" cw="07" abs="16474" diff="-895"/>
      <day mon="02" om="10" oy="41" ow="02" own="tue" cw="07" abs="16475" diff="-894"/>
      <day mon="02" om="11" oy="42" ow="03" own="wed" cw="07" abs="16476" diff="-893"/>
      <day mon="02" om="12" oy="43" ow="04" own="thu" cw="07" abs="16477" diff="-892"/>
      <day mon="02" om="13" oy="44" ow="05" own="fri" cw="07" abs="16478" diff="-891"/>
      <day mon="02" om="14" oy="45" ow="06" own="sat" cw="07" abs="16479" diff="-890"/>
      <day mon="02" om="15" oy="46" ow="00" own="sun" cw="07" abs="16480" diff="-889"/>
      <day mon="02" om="16" oy="47" ow="01" own="mon" cw="08" abs="16481" diff="-888"/>
      <day mon="02" om="17" oy="48" ow="02" own="tue" cw="08" abs="16482" diff="-887"/>
      <day mon="02" om="18" oy="49" ow="03" own="wed" cw="08" abs="16483" diff="-886"/>
      <day mon="02" om="19" oy="50" ow="04" own="thu" cw="08" abs="16484" diff="-885"/>
      <day mon="02" om="20" oy="51" ow="05" own="fri" cw="08" abs="16485" diff="-884"/>
      <day mon="02" om="21" oy="52" ow="06" own="sat" cw="08" abs="16486" diff="-883"/>
      <day mon="02" om="22" oy="53" ow="00" own="sun" cw="08" abs="16487" diff="-882"/>
      <day mon="02" om="23" oy="54" ow="01" own="mon" cw="09" abs="16488" diff="-881"/>
      <day mon="02" om="24" oy="55" ow="02" own="tue" cw="09" abs="16489" diff="-880"/>
      <day mon="02" om="25" oy="56" ow="03" own="wed" cw="09" abs="16490" diff="-879"/>
      <day mon="02" om="26" oy="57" ow="04" own="thu" cw="09" abs="16491" diff="-878"/>
      <day mon="02" om="27" oy="58" ow="05" own="fri" cw="09" abs="16492" diff="-877"/>
      <day mon="02" om="28" oy="59" ow="06" own="sat" cw="09" abs="16493" diff="-876"/>
    </month>
    <month nr="03" name="March">
      <!-- 2015 -->
      <day mon="03" om="01" oy="60" ow="00" own="sun" cw="09" abs="16494" diff="-875"/>
      <day mon="03" om="02" oy="61" ow="01" own="mon" cw="10" abs="16495" diff="-874"/>
      <day mon="03" om="03" oy="62" ow="02" own="tue" cw="10" abs="16496" diff="-873"/>
      <day mon="03" om="04" oy="63" ow="03" own="wed" cw="10" abs="16497" diff="-872"/>
      <day mon="03" om="05" oy="64" ow="04" own="thu" cw="10" abs="16498" diff="-871"/>
      <day mon="03" om="06" oy="65" ow="05" own="fri" cw="10" abs="16499" diff="-870"/>
      <day mon="03" om="07" oy="66" ow="06" own="sat" cw="10" abs="16500" diff="-869"/>
      <day mon="03" om="08" oy="67" ow="00" own="sun" cw="10" abs="16501" diff="-868"/>
      <day mon="03" om="09" oy="68" ow="01" own="mon" cw="11" abs="16502" diff="-867"/>
      <day mon="03" om="10" oy="69" ow="02" own="tue" cw="11" abs="16503" diff="-866"/>
      <day mon="03" om="11" oy="70" ow="03" own="wed" cw="11" abs="16504" diff="-865"/>
      <day mon="03" om="12" oy="71" ow="04" own="thu" cw="11" abs="16505" diff="-864"/>
      <day mon="03" om="13" oy="72" ow="05" own="fri" cw="11" abs="16506" diff="-863"/>
      <day mon="03" om="14" oy="73" ow="06" own="sat" cw="11" abs="16507" diff="-862"/>
      <day mon="03" om="15" oy="74" ow="00" own="sun" cw="11" abs="16508" diff="-861"/>
      <day mon="03" om="16" oy="75" ow="01" own="mon" cw="12" abs="16509" diff="-860"/>
      <day mon="03" om="17" oy="76" ow="02" own="tue" cw="12" abs="16510" diff="-859"/>
      <day mon="03" om="18" oy="77" ow="03" own="wed" cw="12" abs="16511" diff="-858"/>
      <day mon="03" om="19" oy="78" ow="04" own="thu" cw="12" abs="16512" diff="-857"/>
      <day mon="03" om="20" oy="79" ow="05" own="fri" cw="12" abs="16513" diff="-856"/>
      <day mon="03" om="21" oy="80" ow="06" own="sat" cw="12" abs="16514" diff="-855"/>
      <day mon="03" om="22" oy="81" ow="00" own="sun" cw="12" abs="16515" diff="-854"/>
      <day mon="03" om="23" oy="82" ow="01" own="mon" cw="13" abs="16516" diff="-853"/>
      <day mon="03" om="24" oy="83" ow="02" own="tue" cw="13" abs="16517" diff="-852"/>
      <day mon="03" om="25" oy="84" ow="03" own="wed" cw="13" abs="16518" diff="-851"/>
      <day mon="03" om="26" oy="85" ow="04" own="thu" cw="13" abs="16519" diff="-850"/>
      <day mon="03" om="27" oy="86" ow="05" own="fri" cw="13" abs="16520" diff="-849"/>
      <day mon="03" om="28" oy="87" ow="06" own="sat" cw="13" abs="16521" diff="-848"/>
      <day mon="03" om="29" oy="88" ow="00" own="sun" cw="13" abs="16522" diff="-847"/>
      <day mon="03" om="30" oy="89" ow="01" own="mon" cw="14" abs="16523" diff="-846"/>
      <day mon="03" om="31" oy="90" ow="02" own="tue" cw="14" abs="16524" diff="-845"/>
    </month>
    <month nr="04" name="April">
      <!-- 2015 -->
      <day mon="04" om="01" oy="91" ow="03" own="wed" cw="14" abs="16525" diff="-844"/>
      <day mon="04" om="02" oy="92" ow="04" own="thu" cw="14" abs="16526" diff="-843"/>
      <day mon="04" om="03" oy="93" ow="05" own="fri" cw="14" abs="16527" diff="-842"/>
      <day mon="04" om="04" oy="94" ow="06" own="sat" cw="14" abs="16528" diff="-841"/>
      <day mon="04" om="05" oy="95" ow="00" own="sun" cw="14" abs="16529" diff="-840"/>
      <day mon="04" om="06" oy="96" ow="01" own="mon" cw="15" abs="16530" diff="-839"/>
      <day mon="04" om="07" oy="97" ow="02" own="tue" cw="15" abs="16531" diff="-838"/>
      <day mon="04" om="08" oy="98" ow="03" own="wed" cw="15" abs="16532" diff="-837"/>
      <day mon="04" om="09" oy="99" ow="04" own="thu" cw="15" abs="16533" diff="-836"/>
      <day mon="04" om="10" oy="100" ow="05" own="fri" cw="15" abs="16534" diff="-835"/>
      <day mon="04" om="11" oy="101" ow="06" own="sat" cw="15" abs="16535" diff="-834"/>
      <day mon="04" om="12" oy="102" ow="00" own="sun" cw="15" abs="16536" diff="-833"/>
      <day mon="04" om="13" oy="103" ow="01" own="mon" cw="16" abs="16537" diff="-832"/>
      <day mon="04" om="14" oy="104" ow="02" own="tue" cw="16" abs="16538" diff="-831"/>
      <day mon="04" om="15" oy="105" ow="03" own="wed" cw="16" abs="16539" diff="-830"/>
      <day mon="04" om="16" oy="106" ow="04" own="thu" cw="16" abs="16540" diff="-829"/>
      <day mon="04" om="17" oy="107" ow="05" own="fri" cw="16" abs="16541" diff="-828"/>
      <day mon="04" om="18" oy="108" ow="06" own="sat" cw="16" abs="16542" diff="-827"/>
      <day mon="04" om="19" oy="109" ow="00" own="sun" cw="16" abs="16543" diff="-826"/>
      <day mon="04" om="20" oy="110" ow="01" own="mon" cw="17" abs="16544" diff="-825"/>
      <day mon="04" om="21" oy="111" ow="02" own="tue" cw="17" abs="16545" diff="-824"/>
      <day mon="04" om="22" oy="112" ow="03" own="wed" cw="17" abs="16546" diff="-823"/>
      <day mon="04" om="23" oy="113" ow="04" own="thu" cw="17" abs="16547" diff="-822"/>
      <day mon="04" om="24" oy="114" ow="05" own="fri" cw="17" abs="16548" diff="-821"/>
      <day mon="04" om="25" oy="115" ow="06" own="sat" cw="17" abs="16549" diff="-820"/>
      <day mon="04" om="26" oy="116" ow="00" own="sun" cw="17" abs="16550" diff="-819"/>
      <day mon="04" om="27" oy="117" ow="01" own="mon" cw="18" abs="16551" diff="-818"/>
      <day mon="04" om="28" oy="118" ow="02" own="tue" cw="18" abs="16552" diff="-817"/>
      <day mon="04" om="29" oy="119" ow="03" own="wed" cw="18" abs="16553" diff="-816"/>
      <day mon="04" om="30" oy="120" ow="04" own="thu" cw="18" abs="16554" diff="-815"/>
    </month>
    <month nr="05" name="May">
      <!-- 2015 -->
      <day mon="05" om="01" oy="121" ow="05" own="fri" cw="18" abs="16555" diff="-814"/>
      <day mon="05" om="02" oy="122" ow="06" own="sat" cw="18" abs="16556" diff="-813"/>
      <day mon="05" om="03" oy="123" ow="00" own="sun" cw="18" abs="16557" diff="-812"/>
      <day mon="05" om="04" oy="124" ow="01" own="mon" cw="19" abs="16558" diff="-811"/>
      <day mon="05" om="05" oy="125" ow="02" own="tue" cw="19" abs="16559" diff="-810"/>
      <day mon="05" om="06" oy="126" ow="03" own="wed" cw="19" abs="16560" diff="-809"/>
      <day mon="05" om="07" oy="127" ow="04" own="thu" cw="19" abs="16561" diff="-808"/>
      <day mon="05" om="08" oy="128" ow="05" own="fri" cw="19" abs="16562" diff="-807"/>
      <day mon="05" om="09" oy="129" ow="06" own="sat" cw="19" abs="16563" diff="-806"/>
      <day mon="05" om="10" oy="130" ow="00" own="sun" cw="19" abs="16564" diff="-805"/>
      <day mon="05" om="11" oy="131" ow="01" own="mon" cw="20" abs="16565" diff="-804"/>
      <day mon="05" om="12" oy="132" ow="02" own="tue" cw="20" abs="16566" diff="-803"/>
      <day mon="05" om="13" oy="133" ow="03" own="wed" cw="20" abs="16567" diff="-802"/>
      <day mon="05" om="14" oy="134" ow="04" own="thu" cw="20" abs="16568" diff="-801"/>
      <day mon="05" om="15" oy="135" ow="05" own="fri" cw="20" abs="16569" diff="-800"/>
      <day mon="05" om="16" oy="136" ow="06" own="sat" cw="20" abs="16570" diff="-799"/>
      <day mon="05" om="17" oy="137" ow="00" own="sun" cw="20" abs="16571" diff="-798"/>
      <day mon="05" om="18" oy="138" ow="01" own="mon" cw="21" abs="16572" diff="-797"/>
      <day mon="05" om="19" oy="139" ow="02" own="tue" cw="21" abs="16573" diff="-796"/>
      <day mon="05" om="20" oy="140" ow="03" own="wed" cw="21" abs="16574" diff="-795"/>
      <day mon="05" om="21" oy="141" ow="04" own="thu" cw="21" abs="16575" diff="-794"/>
      <day mon="05" om="22" oy="142" ow="05" own="fri" cw="21" abs="16576" diff="-793"/>
      <day mon="05" om="23" oy="143" ow="06" own="sat" cw="21" abs="16577" diff="-792"/>
      <day mon="05" om="24" oy="144" ow="00" own="sun" cw="21" abs="16578" diff="-791"/>
      <day mon="05" om="25" oy="145" ow="01" own="mon" cw="22" abs="16579" diff="-790"/>
      <day mon="05" om="26" oy="146" ow="02" own="tue" cw="22" abs="16580" diff="-789"/>
      <day mon="05" om="27" oy="147" ow="03" own="wed" cw="22" abs="16581" diff="-788"/>
      <day mon="05" om="28" oy="148" ow="04" own="thu" cw="22" abs="16582" diff="-787"/>
      <day mon="05" om="29" oy="149" ow="05" own="fri" cw="22" abs="16583" diff="-786"/>
      <day mon="05" om="30" oy="150" ow="06" own="sat" cw="22" abs="16584" diff="-785"/>
      <day mon="05" om="31" oy="151" ow="00" own="sun" cw="22" abs="16585" diff="-784"/>
    </month>
    <month nr="06" name="June">
      <!-- 2015 -->
      <day mon="06" om="01" oy="152" ow="01" own="mon" cw="23" abs="16586" diff="-783"/>
      <day mon="06" om="02" oy="153" ow="02" own="tue" cw="23" abs="16587" diff="-782"/>
      <day mon="06" om="03" oy="154" ow="03" own="wed" cw="23" abs="16588" diff="-781"/>
      <day mon="06" om="04" oy="155" ow="04" own="thu" cw="23" abs="16589" diff="-780"/>
      <day mon="06" om="05" oy="156" ow="05" own="fri" cw="23" abs="16590" diff="-779"/>
      <day mon="06" om="06" oy="157" ow="06" own="sat" cw="23" abs="16591" diff="-778"/>
      <day mon="06" om="07" oy="158" ow="00" own="sun" cw="23" abs="16592" diff="-777"/>
      <day mon="06" om="08" oy="159" ow="01" own="mon" cw="24" abs="16593" diff="-776"/>
      <day mon="06" om="09" oy="160" ow="02" own="tue" cw="24" abs="16594" diff="-775"/>
      <day mon="06" om="10" oy="161" ow="03" own="wed" cw="24" abs="16595" diff="-774"/>
      <day mon="06" om="11" oy="162" ow="04" own="thu" cw="24" abs="16596" diff="-773"/>
      <day mon="06" om="12" oy="163" ow="05" own="fri" cw="24" abs="16597" diff="-772"/>
      <day mon="06" om="13" oy="164" ow="06" own="sat" cw="24" abs="16598" diff="-771"/>
      <day mon="06" om="14" oy="165" ow="00" own="sun" cw="24" abs="16599" diff="-770"/>
      <day mon="06" om="15" oy="166" ow="01" own="mon" cw="25" abs="16600" diff="-769"/>
      <day mon="06" om="16" oy="167" ow="02" own="tue" cw="25" abs="16601" diff="-768"/>
      <day mon="06" om="17" oy="168" ow="03" own="wed" cw="25" abs="16602" diff="-767"/>
      <day mon="06" om="18" oy="169" ow="04" own="thu" cw="25" abs="16603" diff="-766"/>
      <day mon="06" om="19" oy="170" ow="05" own="fri" cw="25" abs="16604" diff="-765"/>
      <day mon="06" om="20" oy="171" ow="06" own="sat" cw="25" abs="16605" diff="-764"/>
      <day mon="06" om="21" oy="172" ow="00" own="sun" cw="25" abs="16606" diff="-763"/>
      <day mon="06" om="22" oy="173" ow="01" own="mon" cw="26" abs="16607" diff="-762"/>
      <day mon="06" om="23" oy="174" ow="02" own="tue" cw="26" abs="16608" diff="-761"/>
      <day mon="06" om="24" oy="175" ow="03" own="wed" cw="26" abs="16609" diff="-760"/>
      <day mon="06" om="25" oy="176" ow="04" own="thu" cw="26" abs="16610" diff="-759"/>
      <day mon="06" om="26" oy="177" ow="05" own="fri" cw="26" abs="16611" diff="-758"/>
      <day mon="06" om="27" oy="178" ow="06" own="sat" cw="26" abs="16612" diff="-757"/>
      <day mon="06" om="28" oy="179" ow="00" own="sun" cw="26" abs="16613" diff="-756"/>
      <day mon="06" om="29" oy="180" ow="01" own="mon" cw="27" abs="16614" diff="-755"/>
      <day mon="06" om="30" oy="181" ow="02" own="tue" cw="27" abs="16615" diff="-754"/>
    </month>
    <month nr="07" name="July">
      <!-- 2015 -->
      <day mon="07" om="01" oy="182" ow="03" own="wed" cw="27" abs="16616" diff="-753"/>
      <day mon="07" om="02" oy="183" ow="04" own="thu" cw="27" abs="16617" diff="-752"/>
      <day mon="07" om="03" oy="184" ow="05" own="fri" cw="27" abs="16618" diff="-751"/>
      <day mon="07" om="04" oy="185" ow="06" own="sat" cw="27" abs="16619" diff="-750"/>
      <day mon="07" om="05" oy="186" ow="00" own="sun" cw="27" abs="16620" diff="-749"/>
      <day mon="07" om="06" oy="187" ow="01" own="mon" cw="28" abs="16621" diff="-748"/>
      <day mon="07" om="07" oy="188" ow="02" own="tue" cw="28" abs="16622" diff="-747"/>
      <day mon="07" om="08" oy="189" ow="03" own="wed" cw="28" abs="16623" diff="-746"/>
      <day mon="07" om="09" oy="190" ow="04" own="thu" cw="28" abs="16624" diff="-745"/>
      <day mon="07" om="10" oy="191" ow="05" own="fri" cw="28" abs="16625" diff="-744"/>
      <day mon="07" om="11" oy="192" ow="06" own="sat" cw="28" abs="16626" diff="-743"/>
      <day mon="07" om="12" oy="193" ow="00" own="sun" cw="28" abs="16627" diff="-742"/>
      <day mon="07" om="13" oy="194" ow="01" own="mon" cw="29" abs="16628" diff="-741"/>
      <day mon="07" om="14" oy="195" ow="02" own="tue" cw="29" abs="16629" diff="-740"/>
      <day mon="07" om="15" oy="196" ow="03" own="wed" cw="29" abs="16630" diff="-739"/>
      <day mon="07" om="16" oy="197" ow="04" own="thu" cw="29" abs="16631" diff="-738"/>
      <day mon="07" om="17" oy="198" ow="05" own="fri" cw="29" abs="16632" diff="-737"/>
      <day mon="07" om="18" oy="199" ow="06" own="sat" cw="29" abs="16633" diff="-736"/>
      <day mon="07" om="19" oy="200" ow="00" own="sun" cw="29" abs="16634" diff="-735"/>
      <day mon="07" om="20" oy="201" ow="01" own="mon" cw="30" abs="16635" diff="-734"/>
      <day mon="07" om="21" oy="202" ow="02" own="tue" cw="30" abs="16636" diff="-733"/>
      <day mon="07" om="22" oy="203" ow="03" own="wed" cw="30" abs="16637" diff="-732"/>
      <day mon="07" om="23" oy="204" ow="04" own="thu" cw="30" abs="16638" diff="-731"/>
      <day mon="07" om="24" oy="205" ow="05" own="fri" cw="30" abs="16639" diff="-730"/>
      <day mon="07" om="25" oy="206" ow="06" own="sat" cw="30" abs="16640" diff="-729"/>
      <day mon="07" om="26" oy="207" ow="00" own="sun" cw="30" abs="16641" diff="-728"/>
      <day mon="07" om="27" oy="208" ow="01" own="mon" cw="31" abs="16642" diff="-727"/>
      <day mon="07" om="28" oy="209" ow="02" own="tue" cw="31" abs="16643" diff="-726"/>
      <day mon="07" om="29" oy="210" ow="03" own="wed" cw="31" abs="16644" diff="-725"/>
      <day mon="07" om="30" oy="211" ow="04" own="thu" cw="31" abs="16645" diff="-724"/>
      <day mon="07" om="31" oy="212" ow="05" own="fri" cw="31" abs="16646" diff="-723"/>
    </month>
    <month nr="08" name="August">
      <!-- 2015 -->
      <day mon="08" om="01" oy="213" ow="06" own="sat" cw="31" abs="16647" diff="-722"/>
      <day mon="08" om="02" oy="214" ow="00" own="sun" cw="31" abs="16648" diff="-721"/>
      <day mon="08" om="03" oy="215" ow="01" own="mon" cw="32" abs="16649" diff="-720"/>
      <day mon="08" om="04" oy="216" ow="02" own="tue" cw="32" abs="16650" diff="-719"/>
      <day mon="08" om="05" oy="217" ow="03" own="wed" cw="32" abs="16651" diff="-718"/>
      <day mon="08" om="06" oy="218" ow="04" own="thu" cw="32" abs="16652" diff="-717"/>
      <day mon="08" om="07" oy="219" ow="05" own="fri" cw="32" abs="16653" diff="-716"/>
      <day mon="08" om="08" oy="220" ow="06" own="sat" cw="32" abs="16654" diff="-715"/>
      <day mon="08" om="09" oy="221" ow="00" own="sun" cw="32" abs="16655" diff="-714"/>
      <day mon="08" om="10" oy="222" ow="01" own="mon" cw="33" abs="16656" diff="-713"/>
      <day mon="08" om="11" oy="223" ow="02" own="tue" cw="33" abs="16657" diff="-712"/>
      <day mon="08" om="12" oy="224" ow="03" own="wed" cw="33" abs="16658" diff="-711"/>
      <day mon="08" om="13" oy="225" ow="04" own="thu" cw="33" abs="16659" diff="-710"/>
      <day mon="08" om="14" oy="226" ow="05" own="fri" cw="33" abs="16660" diff="-709"/>
      <day mon="08" om="15" oy="227" ow="06" own="sat" cw="33" abs="16661" diff="-708"/>
      <day mon="08" om="16" oy="228" ow="00" own="sun" cw="33" abs="16662" diff="-707"/>
      <day mon="08" om="17" oy="229" ow="01" own="mon" cw="34" abs="16663" diff="-706"/>
      <day mon="08" om="18" oy="230" ow="02" own="tue" cw="34" abs="16664" diff="-705"/>
      <day mon="08" om="19" oy="231" ow="03" own="wed" cw="34" abs="16665" diff="-704"/>
      <day mon="08" om="20" oy="232" ow="04" own="thu" cw="34" abs="16666" diff="-703"/>
      <day mon="08" om="21" oy="233" ow="05" own="fri" cw="34" abs="16667" diff="-702"/>
      <day mon="08" om="22" oy="234" ow="06" own="sat" cw="34" abs="16668" diff="-701"/>
      <day mon="08" om="23" oy="235" ow="00" own="sun" cw="34" abs="16669" diff="-700"/>
      <day mon="08" om="24" oy="236" ow="01" own="mon" cw="35" abs="16670" diff="-699"/>
      <day mon="08" om="25" oy="237" ow="02" own="tue" cw="35" abs="16671" diff="-698"/>
      <day mon="08" om="26" oy="238" ow="03" own="wed" cw="35" abs="16672" diff="-697"/>
      <day mon="08" om="27" oy="239" ow="04" own="thu" cw="35" abs="16673" diff="-696"/>
      <day mon="08" om="28" oy="240" ow="05" own="fri" cw="35" abs="16674" diff="-695"/>
      <day mon="08" om="29" oy="241" ow="06" own="sat" cw="35" abs="16675" diff="-694"/>
      <day mon="08" om="30" oy="242" ow="00" own="sun" cw="35" abs="16676" diff="-693"/>
      <day mon="08" om="31" oy="243" ow="01" own="mon" cw="36" abs="16677" diff="-692"/>
    </month>
    <month nr="09" name="September">
      <!-- 2015 -->
      <day mon="09" om="01" oy="244" ow="02" own="tue" cw="36" abs="16678" diff="-691"/>
      <day mon="09" om="02" oy="245" ow="03" own="wed" cw="36" abs="16679" diff="-690"/>
      <day mon="09" om="03" oy="246" ow="04" own="thu" cw="36" abs="16680" diff="-689"/>
      <day mon="09" om="04" oy="247" ow="05" own="fri" cw="36" abs="16681" diff="-688"/>
      <day mon="09" om="05" oy="248" ow="06" own="sat" cw="36" abs="16682" diff="-687"/>
      <day mon="09" om="06" oy="249" ow="00" own="sun" cw="36" abs="16683" diff="-686"/>
      <day mon="09" om="07" oy="250" ow="01" own="mon" cw="37" abs="16684" diff="-685"/>
      <day mon="09" om="08" oy="251" ow="02" own="tue" cw="37" abs="16685" diff="-684"/>
      <day mon="09" om="09" oy="252" ow="03" own="wed" cw="37" abs="16686" diff="-683"/>
      <day mon="09" om="10" oy="253" ow="04" own="thu" cw="37" abs="16687" diff="-682"/>
      <day mon="09" om="11" oy="254" ow="05" own="fri" cw="37" abs="16688" diff="-681"/>
      <day mon="09" om="12" oy="255" ow="06" own="sat" cw="37" abs="16689" diff="-680"/>
      <day mon="09" om="13" oy="256" ow="00" own="sun" cw="37" abs="16690" diff="-679"/>
      <day mon="09" om="14" oy="257" ow="01" own="mon" cw="38" abs="16691" diff="-678"/>
      <day mon="09" om="15" oy="258" ow="02" own="tue" cw="38" abs="16692" diff="-677"/>
      <day mon="09" om="16" oy="259" ow="03" own="wed" cw="38" abs="16693" diff="-676"/>
      <day mon="09" om="17" oy="260" ow="04" own="thu" cw="38" abs="16694" diff="-675"/>
      <day mon="09" om="18" oy="261" ow="05" own="fri" cw="38" abs="16695" diff="-674"/>
      <day mon="09" om="19" oy="262" ow="06" own="sat" cw="38" abs="16696" diff="-673"/>
      <day mon="09" om="20" oy="263" ow="00" own="sun" cw="38" abs="16697" diff="-672"/>
      <day mon="09" om="21" oy="264" ow="01" own="mon" cw="39" abs="16698" diff="-671"/>
      <day mon="09" om="22" oy="265" ow="02" own="tue" cw="39" abs="16699" diff="-670"/>
      <day mon="09" om="23" oy="266" ow="03" own="wed" cw="39" abs="16700" diff="-669"/>
      <day mon="09" om="24" oy="267" ow="04" own="thu" cw="39" abs="16701" diff="-668"/>
      <day mon="09" om="25" oy="268" ow="05" own="fri" cw="39" abs="16702" diff="-667"/>
      <day mon="09" om="26" oy="269" ow="06" own="sat" cw="39" abs="16703" diff="-666"/>
      <day mon="09" om="27" oy="270" ow="00" own="sun" cw="39" abs="16704" diff="-665"/>
      <day mon="09" om="28" oy="271" ow="01" own="mon" cw="40" abs="16705" diff="-664"/>
      <day mon="09" om="29" oy="272" ow="02" own="tue" cw="40" abs="16706" diff="-663"/>
      <day mon="09" om="30" oy="273" ow="03" own="wed" cw="40" abs="16707" diff="-662"/>
    </month>
    <month nr="10" name="October">
      <!-- 2015 -->
      <day mon="10" om="01" oy="274" ow="04" own="thu" cw="40" abs="16708" diff="-661"/>
      <day mon="10" om="02" oy="275" ow="05" own="fri" cw="40" abs="16709" diff="-660"/>
      <day mon="10" om="03" oy="276" ow="06" own="sat" cw="40" abs="16710" diff="-659"/>
      <day mon="10" om="04" oy="277" ow="00" own="sun" cw="40" abs="16711" diff="-658"/>
      <day mon="10" om="05" oy="278" ow="01" own="mon" cw="41" abs="16712" diff="-657"/>
      <day mon="10" om="06" oy="279" ow="02" own="tue" cw="41" abs="16713" diff="-656"/>
      <day mon="10" om="07" oy="280" ow="03" own="wed" cw="41" abs="16714" diff="-655"/>
      <day mon="10" om="08" oy="281" ow="04" own="thu" cw="41" abs="16715" diff="-654"/>
      <day mon="10" om="09" oy="282" ow="05" own="fri" cw="41" abs="16716" diff="-653"/>
      <day mon="10" om="10" oy="283" ow="06" own="sat" cw="41" abs="16717" diff="-652"/>
      <day mon="10" om="11" oy="284" ow="00" own="sun" cw="41" abs="16718" diff="-651"/>
      <day mon="10" om="12" oy="285" ow="01" own="mon" cw="42" abs="16719" diff="-650"/>
      <day mon="10" om="13" oy="286" ow="02" own="tue" cw="42" abs="16720" diff="-649"/>
      <day mon="10" om="14" oy="287" ow="03" own="wed" cw="42" abs="16721" diff="-648"/>
      <day mon="10" om="15" oy="288" ow="04" own="thu" cw="42" abs="16722" diff="-647"/>
      <day mon="10" om="16" oy="289" ow="05" own="fri" cw="42" abs="16723" diff="-646"/>
      <day mon="10" om="17" oy="290" ow="06" own="sat" cw="42" abs="16724" diff="-645"/>
      <day mon="10" om="18" oy="291" ow="00" own="sun" cw="42" abs="16725" diff="-644"/>
      <day mon="10" om="19" oy="292" ow="01" own="mon" cw="43" abs="16726" diff="-643"/>
      <day mon="10" om="20" oy="293" ow="02" own="tue" cw="43" abs="16727" diff="-642"/>
      <day mon="10" om="21" oy="294" ow="03" own="wed" cw="43" abs="16728" diff="-641"/>
      <day mon="10" om="22" oy="295" ow="04" own="thu" cw="43" abs="16729" diff="-640"/>
      <day mon="10" om="23" oy="296" ow="05" own="fri" cw="43" abs="16730" diff="-639"/>
      <day mon="10" om="24" oy="297" ow="06" own="sat" cw="43" abs="16731" diff="-638"/>
      <day mon="10" om="25" oy="298" ow="00" own="sun" cw="43" abs="16732" diff="-637"/>
      <day mon="10" om="26" oy="299" ow="01" own="mon" cw="44" abs="16733" diff="-636"/>
      <day mon="10" om="27" oy="300" ow="02" own="tue" cw="44" abs="16734" diff="-635"/>
      <day mon="10" om="28" oy="301" ow="03" own="wed" cw="44" abs="16735" diff="-634"/>
      <day mon="10" om="29" oy="302" ow="04" own="thu" cw="44" abs="16736" diff="-633"/>
      <day mon="10" om="30" oy="303" ow="05" own="fri" cw="44" abs="16737" diff="-632"/>
      <day mon="10" om="31" oy="304" ow="06" own="sat" cw="44" abs="16738" diff="-631"/>
    </month>
    <month nr="11" name="November">
      <!-- 2015 -->
      <day mon="11" om="01" oy="305" ow="00" own="sun" cw="44" abs="16739" diff="-630"/>
      <day mon="11" om="02" oy="306" ow="01" own="mon" cw="45" abs="16740" diff="-629"/>
      <day mon="11" om="03" oy="307" ow="02" own="tue" cw="45" abs="16741" diff="-628"/>
      <day mon="11" om="04" oy="308" ow="03" own="wed" cw="45" abs="16742" diff="-627"/>
      <day mon="11" om="05" oy="309" ow="04" own="thu" cw="45" abs="16743" diff="-626"/>
      <day mon="11" om="06" oy="310" ow="05" own="fri" cw="45" abs="16744" diff="-625"/>
      <day mon="11" om="07" oy="311" ow="06" own="sat" cw="45" abs="16745" diff="-624"/>
      <day mon="11" om="08" oy="312" ow="00" own="sun" cw="45" abs="16746" diff="-623"/>
      <day mon="11" om="09" oy="313" ow="01" own="mon" cw="46" abs="16747" diff="-622"/>
      <day mon="11" om="10" oy="314" ow="02" own="tue" cw="46" abs="16748" diff="-621"/>
      <day mon="11" om="11" oy="315" ow="03" own="wed" cw="46" abs="16749" diff="-620"/>
      <day mon="11" om="12" oy="316" ow="04" own="thu" cw="46" abs="16750" diff="-619"/>
      <day mon="11" om="13" oy="317" ow="05" own="fri" cw="46" abs="16751" diff="-618"/>
      <day mon="11" om="14" oy="318" ow="06" own="sat" cw="46" abs="16752" diff="-617"/>
      <day mon="11" om="15" oy="319" ow="00" own="sun" cw="46" abs="16753" diff="-616"/>
      <day mon="11" om="16" oy="320" ow="01" own="mon" cw="47" abs="16754" diff="-615"/>
      <day mon="11" om="17" oy="321" ow="02" own="tue" cw="47" abs="16755" diff="-614"/>
      <day mon="11" om="18" oy="322" ow="03" own="wed" cw="47" abs="16756" diff="-613"/>
      <day mon="11" om="19" oy="323" ow="04" own="thu" cw="47" abs="16757" diff="-612"/>
      <day mon="11" om="20" oy="324" ow="05" own="fri" cw="47" abs="16758" diff="-611"/>
      <day mon="11" om="21" oy="325" ow="06" own="sat" cw="47" abs="16759" diff="-610"/>
      <day mon="11" om="22" oy="326" ow="00" own="sun" cw="47" abs="16760" diff="-609"/>
      <day mon="11" om="23" oy="327" ow="01" own="mon" cw="48" abs="16761" diff="-608"/>
      <day mon="11" om="24" oy="328" ow="02" own="tue" cw="48" abs="16762" diff="-607"/>
      <day mon="11" om="25" oy="329" ow="03" own="wed" cw="48" abs="16763" diff="-606"/>
      <day mon="11" om="26" oy="330" ow="04" own="thu" cw="48" abs="16764" diff="-605"/>
      <day mon="11" om="27" oy="331" ow="05" own="fri" cw="48" abs="16765" diff="-604"/>
      <day mon="11" om="28" oy="332" ow="06" own="sat" cw="48" abs="16766" diff="-603"/>
      <day mon="11" om="29" oy="333" ow="00" own="sun" cw="48" abs="16767" diff="-602"/>
      <day mon="11" om="30" oy="334" ow="01" own="mon" cw="49" abs="16768" diff="-601"/>
    </month>
    <month nr="12" name="December">
      <!-- 2015 -->
      <day mon="12" om="01" oy="335" ow="02" own="tue" cw="49" abs="16769" diff="-600"/>
      <day mon="12" om="02" oy="336" ow="03" own="wed" cw="49" abs="16770" diff="-599"/>
      <day mon="12" om="03" oy="337" ow="04" own="thu" cw="49" abs="16771" diff="-598"/>
      <day mon="12" om="04" oy="338" ow="05" own="fri" cw="49" abs="16772" diff="-597"/>
      <day mon="12" om="05" oy="339" ow="06" own="sat" cw="49" abs="16773" diff="-596"/>
      <day mon="12" om="06" oy="340" ow="00" own="sun" cw="49" abs="16774" diff="-595"/>
      <day mon="12" om="07" oy="341" ow="01" own="mon" cw="50" abs="16775" diff="-594"/>
      <day mon="12" om="08" oy="342" ow="02" own="tue" cw="50" abs="16776" diff="-593"/>
      <day mon="12" om="09" oy="343" ow="03" own="wed" cw="50" abs="16777" diff="-592"/>
      <day mon="12" om="10" oy="344" ow="04" own="thu" cw="50" abs="16778" diff="-591"/>
      <day mon="12" om="11" oy="345" ow="05" own="fri" cw="50" abs="16779" diff="-590"/>
      <day mon="12" om="12" oy="346" ow="06" own="sat" cw="50" abs="16780" diff="-589"/>
      <day mon="12" om="13" oy="347" ow="00" own="sun" cw="50" abs="16781" diff="-588"/>
      <day mon="12" om="14" oy="348" ow="01" own="mon" cw="51" abs="16782" diff="-587"/>
      <day mon="12" om="15" oy="349" ow="02" own="tue" cw="51" abs="16783" diff="-586"/>
      <day mon="12" om="16" oy="350" ow="03" own="wed" cw="51" abs="16784" diff="-585"/>
      <day mon="12" om="17" oy="351" ow="04" own="thu" cw="51" abs="16785" diff="-584"/>
      <day mon="12" om="18" oy="352" ow="05" own="fri" cw="51" abs="16786" diff="-583"/>
      <day mon="12" om="19" oy="353" ow="06" own="sat" cw="51" abs="16787" diff="-582"/>
      <day mon="12" om="20" oy="354" ow="00" own="sun" cw="51" abs="16788" diff="-581"/>
      <day mon="12" om="21" oy="355" ow="01" own="mon" cw="52" abs="16789" diff="-580"/>
      <day mon="12" om="22" oy="356" ow="02" own="tue" cw="52" abs="16790" diff="-579"/>
      <day mon="12" om="23" oy="357" ow="03" own="wed" cw="52" abs="16791" diff="-578"/>
      <day mon="12" om="24" oy="358" ow="04" own="thu" cw="52" abs="16792" diff="-577"/>
      <day mon="12" om="25" oy="359" ow="05" own="fri" cw="52" abs="16793" diff="-576"/>
      <day mon="12" om="26" oy="360" ow="06" own="sat" cw="52" abs="16794" diff="-575"/>
      <day mon="12" om="27" oy="361" ow="00" own="sun" cw="52" abs="16795" diff="-574"/>
      <day mon="12" om="28" oy="362" ow="01" own="mon" cw="53" abs="16796" diff="-573"/>
      <day mon="12" om="29" oy="363" ow="02" own="tue" cw="53" abs="16797" diff="-572"/>
      <day mon="12" om="30" oy="364" ow="03" own="wed" cw="53" abs="16798" diff="-571"/>
      <day mon="12" om="31" oy="365" ow="04" own="thu" cw="53" abs="16799" diff="-570"/>
    </month>
  </year>
</calendar>
